<?xml version="1.0" encoding="UTF-8"?>
<testng-results ignored="0" total="1" passed="1" failed="0" skipped="0">
  <reporter-output>
  </reporter-output>
  <suite started-at="2024-07-23T22:55:08 IST" name="Default suite" finished-at="2024-07-23T22:55:13 IST" duration-ms="4521">
    <groups>
    </groups>
    <test started-at="2024-07-23T22:55:08 IST" name="Default test" finished-at="2024-07-23T22:55:13 IST" duration-ms="4521">
      <class name="OAuth2.o.Oauth2scenario">
        <test-method signature="OAuthTest()[pri:0, instance:OAuth2.o.Oauth2scenario@175c2241]" started-at="2024-07-23T22:55:08 IST" name="OAuthTest" finished-at="2024-07-23T22:55:13 IST" duration-ms="4438" status="PASS">
          <reporter-output>
          </reporter-output>
        </test-method> <!-- OAuthTest -->
      </class> <!-- OAuth2.o.Oauth2scenario -->
    </test> <!-- Default test -->
  </suite> <!-- Default suite -->
</testng-results>
